<?xml version="1.0" encoding="UTF-8"?>
<testsuite xmlns:xsi="http://www.w3.org/2001/XMLSchema-instance" xsi:noNamespaceSchemaLocation="https://maven.apache.org/surefire/maven-surefire-plugin/xsd/surefire-test-report.xsd" version="3.0.2" name="com.fraud.engine.engine.SecurityInputValidationTest" time="0.18" tests="0" errors="0" skipped="0" failures="0">
  <properties>
[...]
</properties>
  <testcase name="testSpecialCharsInTransactionId" classname="Malformed Input Handling" time="0.103">
    <system-out><![CDATA[2026-02-13 18:07:41,198 WARN  [com.fra.eng.eng.RuleEvaluator] (main) No rules to evaluate for ruleset: SECURITY_TEST/v1
2026-02-13 18:07:41,198 DEBUG [com.fra.eng.eng.RuleEvaluator] (main) Decision complete: id=34e4f6ba-10be-4a55-99c1-0b09b2b6f154, decision=APPROVE, mode=NORMAL, time=0ms
2026-02-13 18:07:41,198 WARN  [com.fra.eng.eng.RuleEvaluator] (main) No rules to evaluate for ruleset: SECURITY_TEST/v1
2026-02-13 18:07:41,198 DEBUG [com.fra.eng.eng.RuleEvaluator] (main) Decision complete: id=28465455-3241-40c9-a1f6-32f46939be80, decision=APPROVE, mode=NORMAL, time=0ms
2026-02-13 18:07:41,198 WARN  [com.fra.eng.eng.RuleEvaluator] (main) No rules to evaluate for ruleset: SECURITY_TEST/v1
2026-02-13 18:07:41,198 DEBUG [com.fra.eng.eng.RuleEvaluator] (main) Decision complete: id=99c56798-fde3-4f02-bb85-12a43363f2cd, decision=APPROVE, mode=NORMAL, time=0ms
2026-02-13 18:07:41,198 WARN  [com.fra.eng.eng.RuleEvaluator] (main) No rules to evaluate for ruleset: SECURITY_TEST/v1
2026-02-13 18:07:41,198 DEBUG [com.fra.eng.eng.RuleEvaluator] (main) Decision complete: id=4b66e248-aff1-4692-af63-a8f776b9f775, decision=APPROVE, mode=NORMAL, time=0ms
2026-02-13 18:07:41,198 WARN  [com.fra.eng.eng.RuleEvaluator] (main) No rules to evaluate for ruleset: SECURITY_TEST/v1
2026-02-13 18:07:41,198 DEBUG [com.fra.eng.eng.RuleEvaluator] (main) Decision complete: id=4236068d-5661-4f81-b490-9c736f0a5157, decision=APPROVE, mode=NORMAL, time=0ms
2026-02-13 18:07:41,198 WARN  [com.fra.eng.eng.RuleEvaluator] (main) No rules to evaluate for ruleset: SECURITY_TEST/v1
2026-02-13 18:07:41,198 DEBUG [com.fra.eng.eng.RuleEvaluator] (main) Decision complete: id=4759ed53-ef22-420c-a86b-02b5a6d1123d, decision=APPROVE, mode=NORMAL, time=0ms
2026-02-13 18:07:41,198 WARN  [com.fra.eng.eng.RuleEvaluator] (main) No rules to evaluate for ruleset: SECURITY_TEST/v1
2026-02-13 18:07:41,198 DEBUG [com.fra.eng.eng.RuleEvaluator] (main) Decision complete: id=63a0e539-0e69-4b2d-b0cb-a4425cb9ee5e, decision=APPROVE, mode=NORMAL, time=0ms
]]></system-out>
  </testcase>
  <testcase name="testIpv6Addresses" classname="Malformed Input Handling" time="0.002">
    <system-out><![CDATA[2026-02-13 18:07:41,204 WARN  [com.fra.eng.eng.RuleEvaluator] (main) No rules to evaluate for ruleset: SECURITY_TEST/v1
2026-02-13 18:07:41,204 DEBUG [com.fra.eng.eng.RuleEvaluator] (main) Decision complete: id=a216efb6-ba25-4bf3-8b1c-2ee6f1d7d34c, decision=APPROVE, mode=NORMAL, time=0ms
2026-02-13 18:07:41,205 WARN  [com.fra.eng.eng.RuleEvaluator] (main) No rules to evaluate for ruleset: SECURITY_TEST/v1
2026-02-13 18:07:41,205 DEBUG [com.fra.eng.eng.RuleEvaluator] (main) Decision complete: id=39068284-d5d7-4c93-b159-4dd2dd1a61f1, decision=APPROVE, mode=NORMAL, time=0ms
2026-02-13 18:07:41,205 WARN  [com.fra.eng.eng.RuleEvaluator] (main) No rules to evaluate for ruleset: SECURITY_TEST/v1
2026-02-13 18:07:41,205 DEBUG [com.fra.eng.eng.RuleEvaluator] (main) Decision complete: id=434ed69b-5d15-486c-a49a-e0c31833102c, decision=APPROVE, mode=NORMAL, time=0ms
]]></system-out>
  </testcase>
  <testcase name="testNullBytes" classname="Null Byte Injection" time="0.004">
    <system-out><![CDATA[2026-02-13 18:07:41,211 WARN  [com.fra.eng.eng.RuleEvaluator] (main) No rules to evaluate for ruleset: SECURITY_TEST/v1
2026-02-13 18:07:41,211 DEBUG [com.fra.eng.eng.RuleEvaluator] (main) Decision complete: id=0fecc284-f93a-4ff4-8dcc-91ee85baeb40, decision=APPROVE, mode=NORMAL, time=0ms
2026-02-13 18:07:41,211 WARN  [com.fra.eng.eng.RuleEvaluator] (main) No rules to evaluate for ruleset: SECURITY_TEST/v1
2026-02-13 18:07:41,211 DEBUG [com.fra.eng.eng.RuleEvaluator] (main) Decision complete: id=7c4dabaa-586e-4dba-a219-0e010ad1564a, decision=APPROVE, mode=NORMAL, time=0ms
2026-02-13 18:07:41,212 WARN  [com.fra.eng.eng.RuleEvaluator] (main) No rules to evaluate for ruleset: SECURITY_TEST/v1
2026-02-13 18:07:41,212 DEBUG [com.fra.eng.eng.RuleEvaluator] (main) Decision complete: id=082440c3-3c66-4053-b252-d1fea1a47d11, decision=APPROVE, mode=NORMAL, time=0ms
2026-02-13 18:07:41,212 WARN  [com.fra.eng.eng.RuleEvaluator] (main) No rules to evaluate for ruleset: SECURITY_TEST/v1
2026-02-13 18:07:41,212 DEBUG [com.fra.eng.eng.RuleEvaluator] (main) Decision complete: id=3bb96d8e-c0d8-47b8-8323-ce859c213307, decision=APPROVE, mode=NORMAL, time=0ms
]]></system-out>
  </testcase>
  <testcase name="testLargeCustomFields" classname="Request Size Limits" time="0.002">
    <system-out><![CDATA[2026-02-13 18:07:41,217 WARN  [com.fra.eng.eng.RuleEvaluator] (main) No rules to evaluate for ruleset: SECURITY_TEST/v1
2026-02-13 18:07:41,217 DEBUG [com.fra.eng.eng.RuleEvaluator] (main) Decision complete: id=66225600-0944-42b7-bc2b-a4f9433e5c0a, decision=APPROVE, mode=NORMAL, time=0ms
]]></system-out>
  </testcase>
  <testcase name="testSqlInjectionInEmail" classname="SQL Injection Prevention" time="0.002">
    <system-out><![CDATA[2026-02-13 18:07:41,221 WARN  [com.fra.eng.eng.RuleEvaluator] (main) No rules to evaluate for ruleset: SECURITY_TEST/v1
2026-02-13 18:07:41,221 DEBUG [com.fra.eng.eng.RuleEvaluator] (main) Decision complete: id=73e88659-6dc3-4403-8938-7380151359d0, decision=APPROVE, mode=NORMAL, time=0ms
2026-02-13 18:07:41,222 WARN  [com.fra.eng.eng.RuleEvaluator] (main) No rules to evaluate for ruleset: SECURITY_TEST/v1
2026-02-13 18:07:41,222 DEBUG [com.fra.eng.eng.RuleEvaluator] (main) Decision complete: id=8c81e8a6-3d5c-4b78-a961-9674e0fe472d, decision=APPROVE, mode=NORMAL, time=1ms
]]></system-out>
  </testcase>
  <testcase name="testSqlInjectionInMerchantName" classname="SQL Injection Prevention" time="0.006">
    <system-out><![CDATA[2026-02-13 18:07:41,225 WARN  [com.fra.eng.eng.RuleEvaluator] (main) No rules to evaluate for ruleset: SECURITY_TEST/v1
2026-02-13 18:07:41,225 DEBUG [com.fra.eng.eng.RuleEvaluator] (main) Decision complete: id=63fee93a-32de-4aa4-ab78-f8d12e633f4f, decision=APPROVE, mode=NORMAL, time=0ms
2026-02-13 18:07:41,226 WARN  [com.fra.eng.eng.RuleEvaluator] (main) No rules to evaluate for ruleset: SECURITY_TEST/v1
2026-02-13 18:07:41,226 DEBUG [com.fra.eng.eng.RuleEvaluator] (main) Decision complete: id=a53f1a24-50ac-46b5-b049-75d07fab1069, decision=APPROVE, mode=NORMAL, time=0ms
2026-02-13 18:07:41,226 WARN  [com.fra.eng.eng.RuleEvaluator] (main) No rules to evaluate for ruleset: SECURITY_TEST/v1
2026-02-13 18:07:41,227 DEBUG [com.fra.eng.eng.RuleEvaluator] (main) Decision complete: id=6ada7b9b-b644-49b8-815c-1924c7540aef, decision=APPROVE, mode=NORMAL, time=1ms
2026-02-13 18:07:41,227 WARN  [com.fra.eng.eng.RuleEvaluator] (main) No rules to evaluate for ruleset: SECURITY_TEST/v1
2026-02-13 18:07:41,227 DEBUG [com.fra.eng.eng.RuleEvaluator] (main) Decision complete: id=11023ddb-7232-4ee0-843a-212518bd46db, decision=APPROVE, mode=NORMAL, time=0ms
2026-02-13 18:07:41,228 WARN  [com.fra.eng.eng.RuleEvaluator] (main) No rules to evaluate for ruleset: SECURITY_TEST/v1
2026-02-13 18:07:41,228 DEBUG [com.fra.eng.eng.RuleEvaluator] (main) Decision complete: id=df371838-fa73-46c7-b82e-a6f465dcfd97, decision=APPROVE, mode=NORMAL, time=0ms
]]></system-out>
  </testcase>
  <testcase name="testSqlInjectionInCardHash" classname="SQL Injection Prevention" time="0.003">
    <system-out><![CDATA[2026-02-13 18:07:41,231 WARN  [com.fra.eng.eng.RuleEvaluator] (main) No rules to evaluate for ruleset: SECURITY_TEST/v1
2026-02-13 18:07:41,232 DEBUG [com.fra.eng.eng.RuleEvaluator] (main) Decision complete: id=35cd54ba-1327-473a-9411-3692cb381cf1, decision=APPROVE, mode=NORMAL, time=1ms
2026-02-13 18:07:41,232 WARN  [com.fra.eng.eng.RuleEvaluator] (main) No rules to evaluate for ruleset: SECURITY_TEST/v1
2026-02-13 18:07:41,232 DEBUG [com.fra.eng.eng.RuleEvaluator] (main) Decision complete: id=357b2fce-501e-4965-9eb1-4aaa16e0bab1, decision=APPROVE, mode=NORMAL, time=0ms
2026-02-13 18:07:41,232 WARN  [com.fra.eng.eng.RuleEvaluator] (main) No rules to evaluate for ruleset: SECURITY_TEST/v1
2026-02-13 18:07:41,233 DEBUG [com.fra.eng.eng.RuleEvaluator] (main) Decision complete: id=945ec2b7-cef8-4dd5-9b6d-833e07db06ab, decision=APPROVE, mode=NORMAL, time=1ms
]]></system-out>
  </testcase>
  <testcase name="testEmptyStrings" classname="Boundary String Lengths" time="0.004">
    <system-out><![CDATA[2026-02-13 18:07:41,237 WARN  [com.fra.eng.eng.RuleEvaluator] (main) No rules to evaluate for ruleset: SECURITY_TEST/v1
2026-02-13 18:07:41,238 DEBUG [com.fra.eng.eng.RuleEvaluator] (main) Decision complete: id=6f874208-a47e-43ad-bc16-3577c0bb2231, decision=APPROVE, mode=NORMAL, time=1ms
]]></system-out>
  </testcase>
  <testcase name="testVeryLongStrings" classname="Boundary String Lengths" time="0.004">
    <system-out><![CDATA[2026-02-13 18:07:41,243 WARN  [com.fra.eng.eng.RuleEvaluator] (main) No rules to evaluate for ruleset: SECURITY_TEST/v1
2026-02-13 18:07:41,243 DEBUG [com.fra.eng.eng.RuleEvaluator] (main) Decision complete: id=1b98df5a-1700-47ac-a070-3e59675f6b91, decision=APPROVE, mode=NORMAL, time=0ms
]]></system-out>
  </testcase>
  <testcase name="testRtlOverride" classname="Unicode Edge Cases" time="0.002">
    <system-out><![CDATA[2026-02-13 18:07:41,252 WARN  [com.fra.eng.eng.RuleEvaluator] (main) No rules to evaluate for ruleset: SECURITY_TEST/v1
2026-02-13 18:07:41,252 DEBUG [com.fra.eng.eng.RuleEvaluator] (main) Decision complete: id=fac48c15-da90-42af-97c4-3796741f562d, decision=APPROVE, mode=NORMAL, time=0ms
]]></system-out>
  </testcase>
  <testcase name="testUnicodeInStringFields" classname="Unicode Edge Cases" time="0.006">
    <system-out><![CDATA[2026-02-13 18:07:41,256 WARN  [com.fra.eng.eng.RuleEvaluator] (main) No rules to evaluate for ruleset: SECURITY_TEST/v1
2026-02-13 18:07:41,256 DEBUG [com.fra.eng.eng.RuleEvaluator] (main) Decision complete: id=60c3fc10-4616-430f-9533-3c4c271405a2, decision=APPROVE, mode=NORMAL, time=0ms
2026-02-13 18:07:41,258 WARN  [com.fra.eng.eng.RuleEvaluator] (main) No rules to evaluate for ruleset: SECURITY_TEST/v1
2026-02-13 18:07:41,258 DEBUG [com.fra.eng.eng.RuleEvaluator] (main) Decision complete: id=0703e6a7-f20b-4da8-bf36-581f0ef8c65e, decision=APPROVE, mode=NORMAL, time=2ms
2026-02-13 18:07:41,259 WARN  [com.fra.eng.eng.RuleEvaluator] (main) No rules to evaluate for ruleset: SECURITY_TEST/v1
2026-02-13 18:07:41,259 DEBUG [com.fra.eng.eng.RuleEvaluator] (main) Decision complete: id=0170dd1b-6d78-41ff-82fb-9f198e067a26, decision=APPROVE, mode=NORMAL, time=0ms
2026-02-13 18:07:41,259 WARN  [com.fra.eng.eng.RuleEvaluator] (main) No rules to evaluate for ruleset: SECURITY_TEST/v1
2026-02-13 18:07:41,259 DEBUG [com.fra.eng.eng.RuleEvaluator] (main) Decision complete: id=d75e7a15-5d12-46ff-b231-fa11509e0927, decision=APPROVE, mode=NORMAL, time=0ms
2026-02-13 18:07:41,259 WARN  [com.fra.eng.eng.RuleEvaluator] (main) No rules to evaluate for ruleset: SECURITY_TEST/v1
2026-02-13 18:07:41,259 DEBUG [com.fra.eng.eng.RuleEvaluator] (main) Decision complete: id=61b3d7f4-3934-4652-b101-045cec0c2063, decision=APPROVE, mode=NORMAL, time=0ms
2026-02-13 18:07:41,260 WARN  [com.fra.eng.eng.RuleEvaluator] (main) No rules to evaluate for ruleset: SECURITY_TEST/v1
2026-02-13 18:07:41,260 DEBUG [com.fra.eng.eng.RuleEvaluator] (main) Decision complete: id=7fff6175-98f0-44f7-9e38-40b3b64aa119, decision=APPROVE, mode=NORMAL, time=1ms
2026-02-13 18:07:41,260 WARN  [com.fra.eng.eng.RuleEvaluator] (main) No rules to evaluate for ruleset: SECURITY_TEST/v1
2026-02-13 18:07:41,260 DEBUG [com.fra.eng.eng.RuleEvaluator] (main) Decision complete: id=4a785ddf-2d5c-4208-9353-4c050e2b827e, decision=APPROVE, mode=NORMAL, time=0ms
2026-02-13 18:07:41,260 WARN  [com.fra.eng.eng.RuleEvaluator] (main) No rules to evaluate for ruleset: SECURITY_TEST/v1
2026-02-13 18:07:41,260 DEBUG [com.fra.eng.eng.RuleEvaluator] (main) Decision complete: id=d139a630-c953-466b-b60b-1a653ce1c5d5, decision=APPROVE, mode=NORMAL, time=0ms
2026-02-13 18:07:41,261 WARN  [com.fra.eng.eng.RuleEvaluator] (main) No rules to evaluate for ruleset: SECURITY_TEST/v1
2026-02-13 18:07:41,261 DEBUG [com.fra.eng.eng.RuleEvaluator] (main) Decision complete: id=824752e2-c997-45a1-82ee-95ba52067401, decision=APPROVE, mode=NORMAL, time=0ms
]]></system-out>
  </testcase>
  <testcase name="testXssInStringFields" classname="XSS Prevention" time="0.004">
    <system-out><![CDATA[2026-02-13 18:07:41,265 WARN  [com.fra.eng.eng.RuleEvaluator] (main) No rules to evaluate for ruleset: SECURITY_TEST/v1
2026-02-13 18:07:41,265 DEBUG [com.fra.eng.eng.RuleEvaluator] (main) Decision complete: id=7d1ab3d1-2ddc-47ab-b07f-f04807a9e403, decision=APPROVE, mode=NORMAL, time=0ms
2026-02-13 18:07:41,265 WARN  [com.fra.eng.eng.RuleEvaluator] (main) No rules to evaluate for ruleset: SECURITY_TEST/v1
2026-02-13 18:07:41,265 DEBUG [com.fra.eng.eng.RuleEvaluator] (main) Decision complete: id=b1b99fb9-f2d8-4901-8b71-857fee9e2452, decision=APPROVE, mode=NORMAL, time=0ms
2026-02-13 18:07:41,265 WARN  [com.fra.eng.eng.RuleEvaluator] (main) No rules to evaluate for ruleset: SECURITY_TEST/v1
2026-02-13 18:07:41,265 DEBUG [com.fra.eng.eng.RuleEvaluator] (main) Decision complete: id=f6c33e38-4b8e-49ca-bc24-906d8a01f99f, decision=APPROVE, mode=NORMAL, time=0ms
2026-02-13 18:07:41,267 WARN  [com.fra.eng.eng.RuleEvaluator] (main) No rules to evaluate for ruleset: SECURITY_TEST/v1
2026-02-13 18:07:41,267 DEBUG [com.fra.eng.eng.RuleEvaluator] (main) Decision complete: id=959463fb-b959-4cbf-9622-d00765768929, decision=APPROVE, mode=NORMAL, time=0ms
2026-02-13 18:07:41,267 WARN  [com.fra.eng.eng.RuleEvaluator] (main) No rules to evaluate for ruleset: SECURITY_TEST/v1
2026-02-13 18:07:41,267 DEBUG [com.fra.eng.eng.RuleEvaluator] (main) Decision complete: id=9ec16e67-795c-413c-b7bb-e12439ec3e59, decision=APPROVE, mode=NORMAL, time=0ms
2026-02-13 18:07:41,267 WARN  [com.fra.eng.eng.RuleEvaluator] (main) No rules to evaluate for ruleset: SECURITY_TEST/v1
2026-02-13 18:07:41,267 DEBUG [com.fra.eng.eng.RuleEvaluator] (main) Decision complete: id=bae5ecab-906d-4113-a268-8a2897be2b6e, decision=APPROVE, mode=NORMAL, time=0ms
]]></system-out>
  </testcase>
  <testcase name="testXssInDeviceId" classname="XSS Prevention" time="0.001">
    <system-out><![CDATA[2026-02-13 18:07:41,270 WARN  [com.fra.eng.eng.RuleEvaluator] (main) No rules to evaluate for ruleset: SECURITY_TEST/v1
2026-02-13 18:07:41,270 DEBUG [com.fra.eng.eng.RuleEvaluator] (main) Decision complete: id=04024c20-0d9f-4cf3-993e-971527ef9504, decision=APPROVE, mode=NORMAL, time=0ms
2026-02-13 18:07:41,270 WARN  [com.fra.eng.eng.RuleEvaluator] (main) No rules to evaluate for ruleset: SECURITY_TEST/v1
2026-02-13 18:07:41,270 DEBUG [com.fra.eng.eng.RuleEvaluator] (main) Decision complete: id=c2006a87-3134-4e38-b086-2b19e705d3de, decision=APPROVE, mode=NORMAL, time=0ms
]]></system-out>
  </testcase>
</testsuite>